<?xml version="1.0" encoding="UTF-8"?>
<!-- Generated by org.testng.reporters.JUnitReportReporter -->
<testsuite skipped="0" hostname="KAPAMAC114YHTD7" name="demo.DemoTestDataProvider" tests="2" failures="0" timestamp="2020-02-05T11:04:08 MST" time="0.009" errors="0">
  <testcase name="printTestData" time="0.008" classname="demo.DemoTestDataProvider"/>
  <testcase name="printTestData" time="0.001" classname="demo.DemoTestDataProvider"/>
</testsuite> <!-- demo.DemoTestDataProvider -->
