<?xml version="1.0" encoding="UTF-8"?>
<!-- Generated by org.testng.reporters.JUnitReportReporter -->
<testsuite skipped="0" hostname="KAPAMAC114YHTD7" name="designPatterns.AmazonPOM2Test" tests="1" failures="0" timestamp="2020-01-14T23:03:41 MST" time="3.160" errors="0">
  <testcase name="searchProduct" time="3.160" classname="designPatterns.AmazonPOM2Test"/>
</testsuite> <!-- designPatterns.AmazonPOM2Test -->
