<?xml version="1.0" encoding="UTF-8"?>
<!-- Generated by org.testng.reporters.JUnitReportReporter -->
<testsuite skipped="0" hostname="KAPAMAC114YHTD7" name="designPatterns.AmazonPOM1Test" tests="1" failures="0" timestamp="2020-01-14T22:45:30 MST" time="2.896" errors="0">
  <testcase name="searchProduct" time="2.896" classname="designPatterns.AmazonPOM1Test"/>
</testsuite> <!-- designPatterns.AmazonPOM1Test -->
